#
# There is insufficient memory for the Java Runtime Environment to continue.
# Native memory allocation (malloc) failed to allocate 245376 bytes for Chunk::new
# Possible reasons:
#   The system is out of physical RAM or swap space
#   The process is running with CompressedOops enabled, and the Java Heap may be blocking the growth of the native heap
# Possible solutions:
#   Reduce memory load on the system
#   Increase physical memory or swap space
#   Check if swap backing store is full
#   Decrease Java heap size (-Xmx/-Xms)
#   Decrease number of Java threads
#   Decrease Java thread stack sizes (-Xss)
#   Set larger code cache with -XX:ReservedCodeCacheSize=
#   JVM is running with Unscaled Compressed Oops mode in which the Java heap is
#     placed in the first 4GB address space. The Java Heap base address is the
#     maximum limit for the native heap growth. Please use -XX:HeapBaseMinAddress
#     to set the Java Heap base and to place the Java Heap above 4GB virtual address.
# This output file may be truncated or incomplete.
#
#  Out of Memory Error (allocation.cpp:389), pid=16356, tid=0x0000000000004710
#
# JRE version: OpenJDK Runtime Environment (8.0_242-b01) (build 1.8.0_242-release-1644-b01)
# Java VM: OpenJDK 64-Bit Server VM (25.242-b01 mixed mode windows-amd64 compressed oops)
# Failed to write core dump. Minidumps are not enabled by default on client versions of Windows
#

---------------  T H R E A D  ---------------

Current thread (0x000000001926e000):  JavaThread "C2 CompilerThread1" daemon [_thread_in_native, id=18192, stack(0x000000001a9b0000,0x000000001aab0000)]

Stack: [0x000000001a9b0000,0x000000001aab0000]
[error occurred during error reporting (printing stack bounds), id 0xc0000005]

Native frames: (J=compiled Java code, j=interpreted, Vv=VM code, C=native code)


Current CompileTask:
C2:   3552 3545       4       sun.security.provider.SHA::implCompress0 (482 bytes)


---------------  P R O C E S S  ---------------

Java Threads: ( => current thread )
  0x000000001d1dd000 JavaThread "jar transforms Thread 92" [_thread_blocked, id=12660, stack(0x000000002b080000,0x000000002b180000)]
  0x000000001d1de800 JavaThread "jar transforms Thread 91" [_thread_blocked, id=32, stack(0x000000002af80000,0x000000002b080000)]
  0x000000001d372000 JavaThread "jar transforms Thread 90" [_thread_blocked, id=8996, stack(0x000000002ae80000,0x000000002af80000)]
  0x000000001d371800 JavaThread "jar transforms Thread 89" [_thread_blocked, id=10688, stack(0x000000002ad80000,0x000000002ae80000)]
  0x000000001d370800 JavaThread "jar transforms Thread 88" [_thread_blocked, id=11892, stack(0x000000002ac80000,0x000000002ad80000)]
  0x000000001d36b800 JavaThread "jar transforms Thread 87" [_thread_blocked, id=8072, stack(0x000000002ab80000,0x000000002ac80000)]
  0x000000001d370000 JavaThread "jar transforms Thread 86" [_thread_blocked, id=11572, stack(0x000000002aa80000,0x000000002ab80000)]
  0x000000001d36e800 JavaThread "jar transforms Thread 85" [_thread_blocked, id=13624, stack(0x000000002a980000,0x000000002aa80000)]
  0x000000001d36c000 JavaThread "jar transforms Thread 84" [_thread_blocked, id=17348, stack(0x000000002a880000,0x000000002a980000)]
  0x000000001d36d800 JavaThread "jar transforms Thread 83" [_thread_blocked, id=3708, stack(0x000000002a780000,0x000000002a880000)]
  0x000000001d36d000 JavaThread "jar transforms Thread 82" [_thread_blocked, id=13008, stack(0x000000002a680000,0x000000002a780000)]
  0x000000001d36f000 JavaThread "jar transforms Thread 81" [_thread_blocked, id=10832, stack(0x000000002a580000,0x000000002a680000)]
  0x000000001d364000 JavaThread "jar transforms Thread 80" [_thread_blocked, id=14840, stack(0x000000002a480000,0x000000002a580000)]
  0x000000001d36a800 JavaThread "jar transforms Thread 79" [_thread_blocked, id=12624, stack(0x000000002a380000,0x000000002a480000)]
  0x000000001d36a000 JavaThread "jar transforms Thread 78" [_thread_blocked, id=10032, stack(0x000000002a280000,0x000000002a380000)]
  0x000000001d369000 JavaThread "jar transforms Thread 77" [_thread_blocked, id=8952, stack(0x000000002a180000,0x000000002a280000)]
  0x000000001d367800 JavaThread "jar transforms Thread 76" [_thread_blocked, id=13164, stack(0x000000002a080000,0x000000002a180000)]
  0x000000001d367000 JavaThread "jar transforms Thread 75" [_thread_blocked, id=8904, stack(0x0000000029f80000,0x000000002a080000)]
  0x000000001d366000 JavaThread "jar transforms Thread 74" [_thread_blocked, id=12048, stack(0x0000000029e80000,0x0000000029f80000)]
  0x000000001d363000 JavaThread "jar transforms Thread 73" [_thread_blocked, id=8056, stack(0x0000000029d80000,0x0000000029e80000)]
  0x000000001d368800 JavaThread "jar transforms Thread 72" [_thread_blocked, id=13356, stack(0x0000000029c80000,0x0000000029d80000)]
  0x000000001d364800 JavaThread "jar transforms Thread 71" [_thread_blocked, id=752, stack(0x0000000029b80000,0x0000000029c80000)]
  0x000000001d365800 JavaThread "jar transforms Thread 70" [_thread_blocked, id=15708, stack(0x0000000029a80000,0x0000000029b80000)]
  0x0000000022005800 JavaThread "jar transforms Thread 69" [_thread_blocked, id=9912, stack(0x0000000029980000,0x0000000029a80000)]
  0x0000000022004800 JavaThread "jar transforms Thread 68" [_thread_blocked, id=17432, stack(0x0000000029880000,0x0000000029980000)]
  0x0000000022003000 JavaThread "jar transforms Thread 67" [_thread_blocked, id=11828, stack(0x0000000029780000,0x0000000029880000)]
  0x0000000022001000 JavaThread "jar transforms Thread 66" [_thread_blocked, id=12160, stack(0x0000000029680000,0x0000000029780000)]
  0x0000000022002800 JavaThread "jar transforms Thread 65" [_thread_blocked, id=8196, stack(0x0000000029580000,0x0000000029680000)]
  0x0000000022004000 JavaThread "jar transforms Thread 64" [_thread_blocked, id=5312, stack(0x0000000029480000,0x0000000029580000)]
  0x0000000022001800 JavaThread "jar transforms Thread 63" [_thread_blocked, id=13824, stack(0x0000000029380000,0x0000000029480000)]
  0x0000000022000000 JavaThread "jar transforms Thread 62" [_thread_blocked, id=9044, stack(0x0000000029280000,0x0000000029380000)]
  0x0000000021fff800 JavaThread "jar transforms Thread 61" [_thread_blocked, id=11320, stack(0x0000000029180000,0x0000000029280000)]
  0x0000000021ff8000 JavaThread "jar transforms Thread 60" [_thread_blocked, id=7124, stack(0x0000000029080000,0x0000000029180000)]
  0x0000000021ffe800 JavaThread "jar transforms Thread 59" [_thread_blocked, id=12460, stack(0x0000000028f80000,0x0000000029080000)]
  0x0000000021ff7000 JavaThread "jar transforms Thread 58" [_thread_blocked, id=3536, stack(0x0000000028e80000,0x0000000028f80000)]
  0x0000000021ffb800 JavaThread "jar transforms Thread 57" [_thread_blocked, id=3864, stack(0x0000000028d80000,0x0000000028e80000)]
  0x0000000021ffe000 JavaThread "jar transforms Thread 56" [_thread_blocked, id=2928, stack(0x0000000028c80000,0x0000000028d80000)]
  0x0000000021ff8800 JavaThread "jar transforms Thread 55" [_thread_blocked, id=9568, stack(0x0000000028b80000,0x0000000028c80000)]
  0x0000000021ffb000 JavaThread "jar transforms Thread 54" [_thread_blocked, id=7064, stack(0x0000000028a80000,0x0000000028b80000)]
  0x0000000021ffa000 JavaThread "jar transforms Thread 53" [_thread_blocked, id=14024, stack(0x0000000028980000,0x0000000028a80000)]
  0x0000000021ffd000 JavaThread "jar transforms Thread 52" [_thread_blocked, id=15856, stack(0x0000000028880000,0x0000000028980000)]
  0x0000000021ff9800 JavaThread "jar transforms Thread 51" [_thread_blocked, id=14944, stack(0x0000000028780000,0x0000000028880000)]
  0x0000000021ffc800 JavaThread "jar transforms Thread 50" [_thread_blocked, id=14892, stack(0x0000000028680000,0x0000000028780000)]
  0x0000000021ff6800 JavaThread "jar transforms Thread 49" [_thread_blocked, id=10084, stack(0x0000000028580000,0x0000000028680000)]
  0x000000001cdb8000 JavaThread "jar transforms Thread 48" [_thread_blocked, id=6132, stack(0x0000000028480000,0x0000000028580000)]
  0x000000001cdbd000 JavaThread "jar transforms Thread 47" [_thread_blocked, id=1928, stack(0x0000000028380000,0x0000000028480000)]
  0x000000001cdb5800 JavaThread "jar transforms Thread 46" [_thread_blocked, id=17976, stack(0x0000000028280000,0x0000000028380000)]
  0x000000001cdb6800 JavaThread "jar transforms Thread 45" [_thread_blocked, id=7132, stack(0x0000000028180000,0x0000000028280000)]
  0x000000001cdb9800 JavaThread "jar transforms Thread 44" [_thread_blocked, id=16464, stack(0x0000000028080000,0x0000000028180000)]
  0x000000001cdbc800 JavaThread "jar transforms Thread 43" [_thread_blocked, id=8416, stack(0x0000000027f80000,0x0000000028080000)]
  0x000000001cdb8800 JavaThread "jar transforms Thread 42" [_thread_blocked, id=18340, stack(0x0000000027e80000,0x0000000027f80000)]
  0x000000001cdbb800 JavaThread "jar transforms Thread 41" [_thread_blocked, id=13672, stack(0x0000000027d80000,0x0000000027e80000)]
  0x000000001cdb4000 JavaThread "jar transforms Thread 40" [_thread_blocked, id=8632, stack(0x0000000027c80000,0x0000000027d80000)]
  0x000000001cdb5000 JavaThread "jar transforms Thread 39" [_thread_blocked, id=11492, stack(0x0000000027b80000,0x0000000027c80000)]
  0x000000001cdbb000 JavaThread "jar transforms Thread 38" [_thread_blocked, id=11284, stack(0x0000000027a80000,0x0000000027b80000)]
  0x000000001cdba000 JavaThread "jar transforms Thread 37" [_thread_blocked, id=13996, stack(0x0000000027980000,0x0000000027a80000)]
  0x000000001cdb7000 JavaThread "jar transforms Thread 36" [_thread_blocked, id=2752, stack(0x0000000027880000,0x0000000027980000)]
  0x000000001cdb3800 JavaThread "jar transforms Thread 35" [_thread_blocked, id=8712, stack(0x0000000027780000,0x0000000027880000)]
  0x000000001cdaf000 JavaThread "jar transforms Thread 34" [_thread_blocked, id=6424, stack(0x0000000027680000,0x0000000027780000)]
  0x000000001cdb2800 JavaThread "jar transforms Thread 33" [_thread_blocked, id=12528, stack(0x0000000027580000,0x0000000027680000)]
  0x000000001cdb2000 JavaThread "jar transforms Thread 32" [_thread_blocked, id=10908, stack(0x0000000027480000,0x0000000027580000)]
  0x000000001cdae000 JavaThread "jar transforms Thread 31" [_thread_blocked, id=7744, stack(0x0000000027380000,0x0000000027480000)]
  0x000000001cdb1000 JavaThread "jar transforms Thread 30" [_thread_blocked, id=4948, stack(0x0000000027280000,0x0000000027380000)]
  0x000000001cdaf800 JavaThread "jar transforms Thread 29" [_thread_blocked, id=10420, stack(0x0000000027180000,0x0000000027280000)]
  0x000000001cdb0800 JavaThread "jar transforms Thread 28" [_thread_blocked, id=3964, stack(0x0000000027080000,0x0000000027180000)]
  0x0000000022cff800 JavaThread "jar transforms Thread 27" [_thread_blocked, id=11916, stack(0x0000000026f80000,0x0000000027080000)]
  0x0000000022cfe800 JavaThread "jar transforms Thread 26" [_thread_blocked, id=14592, stack(0x0000000026e80000,0x0000000026f80000)]
  0x0000000022cfe000 JavaThread "jar transforms Thread 25" [_thread_blocked, id=11516, stack(0x0000000026d80000,0x0000000026e80000)]
  0x0000000022cfd000 JavaThread "jar transforms Thread 24" [_thread_blocked, id=8872, stack(0x0000000026c80000,0x0000000026d80000)]
  0x0000000022cfc800 JavaThread "jar transforms Thread 23" [_thread_blocked, id=3664, stack(0x0000000026b80000,0x0000000026c80000)]
  0x0000000022cf5000 JavaThread "jar transforms Thread 22" [_thread_blocked, id=12756, stack(0x0000000026a80000,0x0000000026b80000)]
  0x0000000022cfb000 JavaThread "jar transforms Thread 21" [_thread_blocked, id=14280, stack(0x0000000026980000,0x0000000026a80000)]
  0x0000000022cfb800 JavaThread "jar transforms Thread 20" [_thread_blocked, id=8100, stack(0x0000000026880000,0x0000000026980000)]
  0x0000000022cfa000 JavaThread "jar transforms Thread 19" [_thread_blocked, id=13812, stack(0x0000000026780000,0x0000000026880000)]
  0x0000000022cf9800 JavaThread "jar transforms Thread 18" [_thread_blocked, id=17436, stack(0x0000000026680000,0x0000000026780000)]
  0x0000000022cf4000 JavaThread "jar transforms Thread 17" [_thread_blocked, id=15728, stack(0x0000000026580000,0x0000000026680000)]
  0x0000000022cf6800 JavaThread "jar transforms Thread 16" [_thread_blocked, id=6768, stack(0x0000000026480000,0x0000000026580000)]
  0x0000000022cf3800 JavaThread "jar transforms Thread 15" [_thread_blocked, id=13588, stack(0x0000000026380000,0x0000000026480000)]
  0x0000000022cf8800 JavaThread "jar transforms Thread 14" [_thread_blocked, id=5716, stack(0x0000000026280000,0x0000000026380000)]
  0x0000000022cf2800 JavaThread "jar transforms Thread 13" [_thread_blocked, id=15080, stack(0x0000000026180000,0x0000000026280000)]
  0x0000000022cf1000 JavaThread "jar transforms Thread 12" [_thread_blocked, id=17996, stack(0x0000000026080000,0x0000000026180000)]
  0x0000000022cf2000 JavaThread "jar transforms Thread 11" [_thread_blocked, id=16460, stack(0x0000000025f80000,0x0000000026080000)]
  0x0000000022cf8000 JavaThread "jar transforms Thread 10" [_thread_blocked, id=15952, stack(0x0000000025e80000,0x0000000025f80000)]
  0x0000000022cf5800 JavaThread "jar transforms Thread 9" [_thread_blocked, id=2556, stack(0x0000000025d80000,0x0000000025e80000)]
  0x0000000022cf0800 JavaThread "jar transforms Thread 8" [_thread_blocked, id=17036, stack(0x0000000025c80000,0x0000000025d80000)]
  0x0000000022cf7000 JavaThread "jar transforms Thread 7" [_thread_blocked, id=8524, stack(0x0000000025b80000,0x0000000025c80000)]
  0x0000000022913000 JavaThread "jar transforms Thread 6" [_thread_blocked, id=13892, stack(0x0000000025a80000,0x0000000025b80000)]
  0x0000000022917800 JavaThread "jar transforms Thread 5" [_thread_blocked, id=2372, stack(0x0000000025980000,0x0000000025a80000)]
  0x0000000022912000 JavaThread "jar transforms Thread 4" [_thread_blocked, id=3580, stack(0x0000000025880000,0x0000000025980000)]
  0x0000000022916000 JavaThread "jar transforms Thread 3" [_thread_blocked, id=14572, stack(0x0000000025780000,0x0000000025880000)]
  0x0000000022915000 JavaThread "jar transforms Thread 2" [_thread_blocked, id=4292, stack(0x0000000025680000,0x0000000025780000)]
  0x0000000022910000 JavaThread "Build operations Thread 12" [_thread_blocked, id=10372, stack(0x0000000025580000,0x0000000025680000)]
  0x0000000022910800 JavaThread "Build operations Thread 11" [_thread_blocked, id=12932, stack(0x0000000025480000,0x0000000025580000)]
  0x0000000022911800 JavaThread "Build operations Thread 10" [_thread_blocked, id=13268, stack(0x0000000025380000,0x0000000025480000)]
  0x0000000022916800 JavaThread "Build operations Thread 9" [_thread_blocked, id=16768, stack(0x0000000025280000,0x0000000025380000)]
  0x0000000022914800 JavaThread "Build operations Thread 8" [_thread_blocked, id=14036, stack(0x0000000025180000,0x0000000025280000)]
  0x0000000022913800 JavaThread "Build operations Thread 7" [_thread_blocked, id=17072, stack(0x0000000025080000,0x0000000025180000)]
  0x0000000022908800 JavaThread "Build operations Thread 6" [_thread_blocked, id=9300, stack(0x0000000024e80000,0x0000000024f80000)]
  0x000000002290f000 JavaThread "Build operations Thread 5" [_thread_blocked, id=12892, stack(0x0000000024d80000,0x0000000024e80000)]
  0x000000002290e800 JavaThread "Build operations Thread 4" [_thread_blocked, id=2300, stack(0x0000000024c80000,0x0000000024d80000)]
  0x000000002290d800 JavaThread "Build operations Thread 3" [_thread_blocked, id=9448, stack(0x0000000024b80000,0x0000000024c80000)]
  0x000000002290c000 JavaThread "Build operations Thread 2" [_thread_blocked, id=12784, stack(0x0000000024a80000,0x0000000024b80000)]
  0x0000000022909000 JavaThread "Build operations" [_thread_blocked, id=13044, stack(0x0000000024980000,0x0000000024a80000)]
  0x000000001cd0e800 JavaThread "Cache worker for file content cache (C:\Users\sasa9\.gradle\caches\6.5\fileContent)" [_thread_blocked, id=6612, stack(0x0000000024280000,0x0000000024380000)]
  0x000000001cd0e000 JavaThread "jar transforms" [_thread_blocked, id=12676, stack(0x0000000022aa0000,0x0000000022ba0000)]
  0x000000001cd0d000 JavaThread "Cache worker for execution history cache (C:\Users\sasa9\.gradle\caches\6.5\executionHistory)" [_thread_blocked, id=17000, stack(0x00000000229a0000,0x0000000022aa0000)]
  0x000000001cd0c800 JavaThread "Cache worker for cache directory md-rule (C:\Users\sasa9\.gradle\caches\6.5\md-rule)" [_thread_blocked, id=9752, stack(0x00000000217f0000,0x00000000218f0000)]
  0x000000001cd0b800 JavaThread "Cache worker for cache directory md-supplier (C:\Users\sasa9\.gradle\caches\6.5\md-supplier)" [_thread_blocked, id=3376, stack(0x0000000021470000,0x0000000021570000)]
  0x000000001cd0b000 JavaThread "Cache worker for checksums cache (C:\Users\sasa9\AndroidStudioProjects\BlogApp\.gradle\checksums)" [_thread_blocked, id=12680, stack(0x0000000021370000,0x0000000021470000)]
  0x000000001cd0f800 JavaThread "Cache worker for file hash cache (C:\Users\sasa9\AndroidStudioProjects\BlogApp\.gradle\6.5\fileHashes)" [_thread_blocked, id=16068, stack(0x0000000022bb0000,0x0000000022cb0000)]
  0x000000001cd0a000 JavaThread "Cache worker for file hash cache (C:\Users\sasa9\.gradle\caches\6.5\fileHashes)" [_thread_blocked, id=6956, stack(0x000000001eed0000,0x000000001efd0000)]
  0x000000001cd09800 JavaThread "File lock request listener" [_thread_in_native, id=18112, stack(0x000000001edd0000,0x000000001eed0000)]
  0x000000001cbcc800 JavaThread "Cache worker for journal cache (C:\Users\sasa9\.gradle\caches\journal-1)" [_thread_blocked, id=15176, stack(0x000000001ecd0000,0x000000001edd0000)]
  0x000000001cb74000 JavaThread "Thread-9" [_thread_blocked, id=12116, stack(0x000000001e9d0000,0x000000001ead0000)]
  0x000000001cb73000 JavaThread "Stdin handler" [_thread_blocked, id=2588, stack(0x000000001e8d0000,0x000000001e9d0000)]
  0x000000001cb72800 JavaThread "Asynchronous log dispatcher for DefaultDaemonConnection: socket connection from /127.0.0.1:53973 to /127.0.0.1:53974" [_thread_blocked, id=8628, stack(0x000000001e7d0000,0x000000001e8d0000)]
  0x000000001cbfa000 JavaThread "Daemon worker" [_thread_in_Java, id=15576, stack(0x000000001e6d0000,0x000000001e7d0000)]
  0x000000001cbff000 JavaThread "Cancel handler" [_thread_blocked, id=17872, stack(0x000000001e5d0000,0x000000001e6d0000)]
  0x000000001cb55800 JavaThread "Handler for socket connection from /127.0.0.1:53973 to /127.0.0.1:53974" [_thread_in_native, id=7608, stack(0x000000001e2d0000,0x000000001e3d0000)]
  0x000000001cb53800 JavaThread "Daemon" [_thread_blocked, id=5340, stack(0x000000001e1d0000,0x000000001e2d0000)]
  0x000000001cb48800 JavaThread "Daemon periodic checks" [_thread_blocked, id=14932, stack(0x000000001e0d0000,0x000000001e1d0000)]
  0x000000001caf8000 JavaThread "Incoming local TCP Connector on port 53973" [_thread_in_native, id=16120, stack(0x000000001de90000,0x000000001df90000)]
  0x000000001c67b800 JavaThread "Daemon health stats" [_thread_blocked, id=10804, stack(0x000000001d850000,0x000000001d950000)]
  0x00000000192fc800 JavaThread "Service Thread" daemon [_thread_blocked, id=10272, stack(0x000000001acb0000,0x000000001adb0000)]
  0x0000000019274000 JavaThread "C1 CompilerThread3" daemon [_thread_blocked, id=15160, stack(0x000000001abb0000,0x000000001acb0000)]
  0x0000000019273000 JavaThread "C2 CompilerThread2" daemon [_thread_in_native, id=440, stack(0x000000001aab0000,0x000000001abb0000)]
=>0x000000001926e000 JavaThread "C2 CompilerThread1" daemon [_thread_in_native, id=18192, stack(0x000000001a9b0000,0x000000001aab0000)]
  0x0000000019268000 JavaThread "C2 CompilerThread0" daemon [_thread_in_native, id=13244, stack(0x000000001a8b0000,0x000000001a9b0000)]
  0x0000000019266000 JavaThread "Attach Listener" daemon [_thread_blocked, id=9860, stack(0x000000001a7b0000,0x000000001a8b0000)]
  0x0000000019263000 JavaThread "Signal Dispatcher" daemon [_thread_blocked, id=3180, stack(0x000000001a6b0000,0x000000001a7b0000)]
  0x0000000017b92000 JavaThread "Finalizer" daemon [_thread_blocked, id=10348, stack(0x000000001a4b0000,0x000000001a5b0000)]
  0x0000000019253000 JavaThread "Reference Handler" daemon [_thread_blocked, id=17168, stack(0x000000001a3b0000,0x000000001a4b0000)]
  0x000000000291e800 JavaThread "main" [_thread_blocked, id=16244, stack(0x0000000002610000,0x0000000002710000)]

Other Threads:
  0x0000000017b85800 VMThread [stack: 0x000000001a2b0000,0x000000001a3b0000] [id=1500]
  0x00000000192fe000 WatcherThread [stack: 0x000000001adb0000,0x000000001aeb0000] [id=1976]

VM state:not at safepoint (normal execution)

VM Mutex/Monitor currently owned by a thread: None

OutOfMemory and StackOverflow Exception counts:
OutOfMemoryError java_heap_errors=5

heap address: 0x0000000080000000, size: 2048 MB, Compressed Oops mode: 32-bit
Narrow klass base: 0x0000000000000000, Narrow klass shift: 3
Compressed class space size: 1073741824 Address: 0x0000000100000000

Heap:
 PSYoungGen      total 226304K, used 120822K [0x00000000d5580000, 0x00000000e4180000, 0x0000000100000000)
  eden space 210432K, 57% used [0x00000000d5580000,0x00000000dcb7d910,0x00000000e2300000)
  from space 15872K, 0% used [0x00000000e3200000,0x00000000e3200000,0x00000000e4180000)
  to   space 15360K, 0% used [0x00000000e2300000,0x00000000e2300000,0x00000000e3200000)
 ParOldGen       total 147968K, used 14729K [0x0000000080000000, 0x0000000089080000, 0x00000000d5580000)
  object space 147968K, 9% used [0x0000000080000000,0x0000000080e62420,0x0000000089080000)
 Metaspace       used 36584K, capacity 38162K, committed 38440K, reserved 1083392K
  class space    used 5049K, capacity 5348K, committed 5424K, reserved 1048576K

Card table byte_map: [0x0000000011ce0000,0x00000000120f0000] byte_map_base: 0x00000000118e0000

Marking Bits: (ParMarkBitMap*) 0x000000006015f030
 Begin Bits: [0x0000000012da0000, 0x0000000014da0000)
 End Bits:   [0x0000000014da0000, 0x0000000016da0000)

Polling page: 0x0000000002720000

CodeCache: size=245760Kb used=12324Kb max_used=12324Kb free=233435Kb
 bounds [0x0000000002920000, 0x0000000003530000, 0x0000000011920000]
 total_blobs=4267 nmethods=3565 adapters=615
 compilation: enabled

Compilation events (10 events):
Event: 3.549 Thread 0x0000000019274000 3552       3       org.codehaus.groovy.runtime.StackTraceUtils::isApplicationClass (84 bytes)
Event: 3.549 Thread 0x0000000019273000 nmethod 3551 0x0000000003527350 code [0x0000000003527480, 0x00000000035274f8]
Event: 3.549 Thread 0x0000000019274000 nmethod 3552 0x0000000003526210 code [0x0000000003526420, 0x0000000003526ed8]
Event: 3.550 Thread 0x0000000019274000 3553       3       sun.reflect.ClassFileAssembler::opc_invokespecial (26 bytes)
Event: 3.550 Thread 0x0000000019274000 nmethod 3553 0x00000000035256d0 code [0x00000000035258a0, 0x0000000003525e28]
Event: 3.550 Thread 0x0000000019274000 3556       1       com.google.common.collect.CompactHashMap::hashTableMask (8 bytes)
Event: 3.550 Thread 0x0000000019274000 nmethod 3556 0x00000000035253d0 code [0x0000000003525520, 0x0000000003525630]
Event: 3.550 Thread 0x0000000019274000 3555       3       sun.reflect.ClassFileAssembler::append (30 bytes)
Event: 3.551 Thread 0x0000000019274000 nmethod 3555 0x0000000003524950 code [0x0000000003524b00, 0x0000000003525018]
Event: 3.551 Thread 0x0000000019274000 3554       3       sun.reflect.ClassFileAssembler::emitInt (46 bytes)

GC Heap History (10 events):
Event: 1.930 GC heap before
{Heap before GC invocations=4 (full 0):
 PSYoungGen      total 75776K, used 20881K [0x00000000d5580000, 0x00000000de980000, 0x0000000100000000)
  eden space 65024K, 15% used [0x00000000d5580000,0x00000000d5f6c368,0x00000000d9500000)
  from space 10752K, 99% used [0x00000000d9500000,0x00000000d9f78310,0x00000000d9f80000)
  to   space 10752K, 0% used [0x00000000ddf00000,0x00000000ddf00000,0x00000000de980000)
 ParOldGen       total 173568K, used 816K [0x0000000080000000, 0x000000008a980000, 0x00000000d5580000)
  object space 173568K, 0% used [0x0000000080000000,0x00000000800cc198,0x000000008a980000)
 Metaspace       used 20558K, capacity 21224K, committed 21296K, reserved 1067008K
  class space    used 2873K, capacity 3076K, committed 3120K, reserved 1048576K
Event: 1.936 GC heap after
Heap after GC invocations=4 (full 0):
 PSYoungGen      total 140800K, used 7430K [0x00000000d5580000, 0x00000000de980000, 0x0000000100000000)
  eden space 130048K, 0% used [0x00000000d5580000,0x00000000d5580000,0x00000000dd480000)
  from space 10752K, 69% used [0x00000000ddf00000,0x00000000de6418b8,0x00000000de980000)
  to   space 10752K, 0% used [0x00000000dd480000,0x00000000dd480000,0x00000000ddf00000)
 ParOldGen       total 173568K, used 824K [0x0000000080000000, 0x000000008a980000, 0x00000000d5580000)
  object space 173568K, 0% used [0x0000000080000000,0x00000000800ce198,0x000000008a980000)
 Metaspace       used 20558K, capacity 21224K, committed 21296K, reserved 1067008K
  class space    used 2873K, capacity 3076K, committed 3120K, reserved 1048576K
}
Event: 1.936 GC heap before
{Heap before GC invocations=5 (full 1):
 PSYoungGen      total 140800K, used 7430K [0x00000000d5580000, 0x00000000de980000, 0x0000000100000000)
  eden space 130048K, 0% used [0x00000000d5580000,0x00000000d5580000,0x00000000dd480000)
  from space 10752K, 69% used [0x00000000ddf00000,0x00000000de6418b8,0x00000000de980000)
  to   space 10752K, 0% used [0x00000000dd480000,0x00000000dd480000,0x00000000ddf00000)
 ParOldGen       total 173568K, used 824K [0x0000000080000000, 0x000000008a980000, 0x00000000d5580000)
  object space 173568K, 0% used [0x0000000080000000,0x00000000800ce198,0x000000008a980000)
 Metaspace       used 20558K, capacity 21224K, committed 21296K, reserved 1067008K
  class space    used 2873K, capacity 3076K, committed 3120K, reserved 1048576K
Event: 1.966 GC heap after
Heap after GC invocations=5 (full 1):
 PSYoungGen      total 140800K, used 0K [0x00000000d5580000, 0x00000000de980000, 0x0000000100000000)
  eden space 130048K, 0% used [0x00000000d5580000,0x00000000d5580000,0x00000000dd480000)
  from space 10752K, 0% used [0x00000000ddf00000,0x00000000ddf00000,0x00000000de980000)
  to   space 10752K, 0% used [0x00000000dd480000,0x00000000dd480000,0x00000000ddf00000)
 ParOldGen       total 96256K, used 7178K [0x0000000080000000, 0x0000000085e00000, 0x00000000d5580000)
  object space 96256K, 7% used [0x0000000080000000,0x0000000080702a90,0x0000000085e00000)
 Metaspace       used 20558K, capacity 21224K, committed 21296K, reserved 1067008K
  class space    used 2873K, capacity 3076K, committed 3120K, reserved 1048576K
}
Event: 2.909 GC heap before
{Heap before GC invocations=6 (full 1):
 PSYoungGen      total 140800K, used 130048K [0x00000000d5580000, 0x00000000de980000, 0x0000000100000000)
  eden space 130048K, 100% used [0x00000000d5580000,0x00000000dd480000,0x00000000dd480000)
  from space 10752K, 0% used [0x00000000ddf00000,0x00000000ddf00000,0x00000000de980000)
  to   space 10752K, 0% used [0x00000000dd480000,0x00000000dd480000,0x00000000ddf00000)
 ParOldGen       total 96256K, used 7178K [0x0000000080000000, 0x0000000085e00000, 0x00000000d5580000)
  object space 96256K, 7% used [0x0000000080000000,0x0000000080702a90,0x0000000085e00000)
 Metaspace       used 32700K, capacity 33732K, committed 33968K, reserved 1079296K
  class space    used 4475K, capacity 4750K, committed 4784K, reserved 1048576K
Event: 2.921 GC heap after
Heap after GC invocations=6 (full 1):
 PSYoungGen      total 140800K, used 10721K [0x00000000d5580000, 0x00000000e4180000, 0x0000000100000000)
  eden space 130048K, 0% used [0x00000000d5580000,0x00000000d5580000,0x00000000dd480000)
  from space 10752K, 99% used [0x00000000dd480000,0x00000000ddef85c8,0x00000000ddf00000)
  to   space 15872K, 0% used [0x00000000e3200000,0x00000000e3200000,0x00000000e4180000)
 ParOldGen       total 96256K, used 10544K [0x0000000080000000, 0x0000000085e00000, 0x00000000d5580000)
  object space 96256K, 10% used [0x0000000080000000,0x0000000080a4c300,0x0000000085e00000)
 Metaspace       used 32700K, capacity 33732K, committed 33968K, reserved 1079296K
  class space    used 4475K, capacity 4750K, committed 4784K, reserved 1048576K
}
Event: 3.132 GC heap before
{Heap before GC invocations=7 (full 1):
 PSYoungGen      total 140800K, used 44177K [0x00000000d5580000, 0x00000000e4180000, 0x0000000100000000)
  eden space 130048K, 25% used [0x00000000d5580000,0x00000000d762bfb8,0x00000000dd480000)
  from space 10752K, 99% used [0x00000000dd480000,0x00000000ddef85c8,0x00000000ddf00000)
  to   space 15872K, 0% used [0x00000000e3200000,0x00000000e3200000,0x00000000e4180000)
 ParOldGen       total 96256K, used 10544K [0x0000000080000000, 0x0000000085e00000, 0x00000000d5580000)
  object space 96256K, 10% used [0x0000000080000000,0x0000000080a4c300,0x0000000085e00000)
 Metaspace       used 34350K, capacity 35420K, committed 35496K, reserved 1079296K
  class space    used 4733K, capacity 5003K, committed 5040K, reserved 1048576K
Event: 3.137 GC heap after
Heap after GC invocations=7 (full 1):
 PSYoungGen      total 226304K, used 8341K [0x00000000d5580000, 0x00000000e4180000, 0x0000000100000000)
  eden space 210432K, 0% used [0x00000000d5580000,0x00000000d5580000,0x00000000e2300000)
  from space 15872K, 52% used [0x00000000e3200000,0x00000000e3a256b8,0x00000000e4180000)
  to   space 15360K, 0% used [0x00000000e2300000,0x00000000e2300000,0x00000000e3200000)
 ParOldGen       total 96256K, used 10552K [0x0000000080000000, 0x0000000085e00000, 0x00000000d5580000)
  object space 96256K, 10% used [0x0000000080000000,0x0000000080a4e300,0x0000000085e00000)
 Metaspace       used 34350K, capacity 35420K, committed 35496K, reserved 1079296K
  class space    used 4733K, capacity 5003K, committed 5040K, reserved 1048576K
}
Event: 3.137 GC heap before
{Heap before GC invocations=8 (full 2):
 PSYoungGen      total 226304K, used 8341K [0x00000000d5580000, 0x00000000e4180000, 0x0000000100000000)
  eden space 210432K, 0% used [0x00000000d5580000,0x00000000d5580000,0x00000000e2300000)
  from space 15872K, 52% used [0x00000000e3200000,0x00000000e3a256b8,0x00000000e4180000)
  to   space 15360K, 0% used [0x00000000e2300000,0x00000000e2300000,0x00000000e3200000)
 ParOldGen       total 96256K, used 10552K [0x0000000080000000, 0x0000000085e00000, 0x00000000d5580000)
  object space 96256K, 10% used [0x0000000080000000,0x0000000080a4e300,0x0000000085e00000)
 Metaspace       used 34350K, capacity 35420K, committed 35496K, reserved 1079296K
  class space    used 4733K, capacity 5003K, committed 5040K, reserved 1048576K
Event: 3.173 GC heap after
Heap after GC invocations=8 (full 2):
 PSYoungGen      total 226304K, used 0K [0x00000000d5580000, 0x00000000e4180000, 0x0000000100000000)
  eden space 210432K, 0% used [0x00000000d5580000,0x00000000d5580000,0x00000000e2300000)
  from space 15872K, 0% used [0x00000000e3200000,0x00000000e3200000,0x00000000e4180000)
  to   space 15360K, 0% used [0x00000000e2300000,0x00000000e2300000,0x00000000e3200000)
 ParOldGen       total 147968K, used 14729K [0x0000000080000000, 0x0000000089080000, 0x00000000d5580000)
  object space 147968K, 9% used [0x0000000080000000,0x0000000080e62420,0x0000000089080000)
 Metaspace       used 34350K, capacity 35420K, committed 35496K, reserved 1079296K
  class space    used 4733K, capacity 5003K, committed 5040K, reserved 1048576K
}

Deoptimization events (10 events):
Event: 3.421 Thread 0x0000000022910800 Uncommon trap: reason=unstable_if action=reinterpret pc=0x0000000002df71b8 method=java.util.concurrent.ConcurrentHashMap.addCount(JI)V @ 7
Event: 3.421 Thread 0x000000002290d800 Uncommon trap: reason=unstable_if action=reinterpret pc=0x0000000002df71b8 method=java.util.concurrent.ConcurrentHashMap.addCount(JI)V @ 7
Event: 3.421 Thread 0x0000000022916800 Uncommon trap: reason=unstable_if action=reinterpret pc=0x0000000002df71b8 method=java.util.concurrent.ConcurrentHashMap.addCount(JI)V @ 7
Event: 3.421 Thread 0x0000000022913800 Uncommon trap: reason=unstable_if action=reinterpret pc=0x0000000002df71b8 method=java.util.concurrent.ConcurrentHashMap.addCount(JI)V @ 7
Event: 3.483 Thread 0x0000000022916000 Uncommon trap: reason=unstable_if action=reinterpret pc=0x000000000343dd1c method=java.util.concurrent.SynchronousQueue$TransferStack.shouldSpin(Ljava/util/concurrent/SynchronousQueue$TransferStack$SNode;)Z @ 7
Event: 3.483 Thread 0x0000000022915000 Uncommon trap: reason=unstable_if action=reinterpret pc=0x000000000343dd1c method=java.util.concurrent.SynchronousQueue$TransferStack.shouldSpin(Ljava/util/concurrent/SynchronousQueue$TransferStack$SNode;)Z @ 7
Event: 3.483 Thread 0x0000000022913000 Uncommon trap: reason=unstable_if action=reinterpret pc=0x000000000343dd1c method=java.util.concurrent.SynchronousQueue$TransferStack.shouldSpin(Ljava/util/concurrent/SynchronousQueue$TransferStack$SNode;)Z @ 7
Event: 3.483 Thread 0x0000000022917800 Uncommon trap: reason=unstable_if action=reinterpret pc=0x000000000343dd1c method=java.util.concurrent.SynchronousQueue$TransferStack.shouldSpin(Ljava/util/concurrent/SynchronousQueue$TransferStack$SNode;)Z @ 7
Event: 3.522 Thread 0x000000001cbfa000 Uncommon trap: reason=unstable_if action=reinterpret pc=0x0000000002c96904 method=java.util.jar.JarFile.match([C[B[I[I)Z @ 29
Event: 3.540 Thread 0x000000001cbfa000 Uncommon trap: reason=unstable_if action=reinterpret pc=0x0000000002c3b090 method=java.util.regex.Pattern.has(I)Z @ 6

Classes redefined (0 events):
No events

Internal exceptions (10 events):
Event: 3.535 Thread 0x000000001cbfa000 Exception <a 'java/lang/OutOfMemoryError'> (0x00000000dc5af250) thrown at [C:\src\AOSP-openjdk-git\hotspot\src\share\vm\prims\jvm.cpp, line 1506]
Event: 3.535 Thread 0x000000001cbfa000 Exception <a 'java/lang/OutOfMemoryError'> (0x00000000dc5af250) thrown at [C:\src\AOSP-openjdk-git\hotspot\src\share\vm\prims\jvm.cpp, line 1506]
Event: 3.545 Thread 0x000000001cb74000 Exception <a 'java/lang/NoSuchMethodError': <clinit>> (0x00000000d813e0b0) thrown at [C:\src\AOSP-openjdk-git\hotspot\src\share\vm\prims\jni.cpp, line 1615]
Event: 3.547 Thread 0x000000001cb74000 Exception <a 'java/lang/NoSuchMethodError': <clinit>> (0x00000000d815c230) thrown at [C:\src\AOSP-openjdk-git\hotspot\src\share\vm\prims\jni.cpp, line 1615]
Event: 3.547 Thread 0x000000001cb74000 Exception <a 'java/lang/NoSuchMethodError': <clinit>> (0x00000000d815dc18) thrown at [C:\src\AOSP-openjdk-git\hotspot\src\share\vm\prims\jni.cpp, line 1615]
Event: 3.547 Thread 0x000000001cb74000 Exception <a 'java/lang/NoSuchMethodError': <clinit>> (0x00000000d815f510) thrown at [C:\src\AOSP-openjdk-git\hotspot\src\share\vm\prims\jni.cpp, line 1615]
Event: 3.547 Thread 0x000000001cb74000 Exception <a 'java/lang/NoSuchMethodError': <clinit>> (0x00000000d8160a38) thrown at [C:\src\AOSP-openjdk-git\hotspot\src\share\vm\prims\jni.cpp, line 1615]
Event: 3.548 Thread 0x000000001cb74000 Exception <a 'java/lang/NoSuchMethodError': <clinit>> (0x00000000d816ae38) thrown at [C:\src\AOSP-openjdk-git\hotspot\src\share\vm\prims\jni.cpp, line 1615]
Event: 3.548 Thread 0x000000001cb74000 Exception <a 'java/lang/NoSuchMethodError': <clinit>> (0x00000000d8175d58) thrown at [C:\src\AOSP-openjdk-git\hotspot\src\share\vm\prims\jni.cpp, line 1615]
Event: 3.550 Thread 0x000000001cb74000 Exception <a 'java/lang/NoSuchMethodError': <clinit>> (0x00000000d8189128) thrown at [C:\src\AOSP-openjdk-git\hotspot\src\share\vm\prims\jni.cpp, line 1615]

Events (10 events):
Event: 3.550 loading class org/gradle/cache/internal/InMemoryCacheController
Event: 3.550 loading class org/gradle/cache/internal/InMemoryCacheController done
Event: 3.550 loading class org/gradle/cache/internal/InMemoryCacheController
Event: 3.550 loading class org/gradle/cache/internal/InMemoryCacheController done
Event: 3.550 loading class org/gradle/internal/buildevents/BuildExceptionReporter$FailureDetails
Event: 3.550 loading class org/gradle/internal/buildevents/BuildExceptionReporter$FailureDetails done
Event: 3.550 loading class org/gradle/internal/logging/text/BufferingStyledTextOutput
Event: 3.550 loading class org/gradle/internal/logging/text/BufferingStyledTextOutput done
Event: 3.551 loading class org/gradle/internal/buildevents/BuildExceptionReporter$ExceptionStyle
Event: 3.551 loading class org/gradle/internal/buildevents/BuildExceptionReporter$ExceptionStyle done


Dynamic libraries:
0x00007ff6347f0000 - 0x00007ff634821000 	C:\Program Files\Android\Android Studio\jre\bin\java.exe
0x00007ff918bb0000 - 0x00007ff918da6000 	C:\Windows\SYSTEM32\ntdll.dll
0x00007ff9177a0000 - 0x00007ff91785d000 	C:\Windows\System32\KERNEL32.DLL
0x00007ff916550000 - 0x00007ff916819000 	C:\Windows\System32\KERNELBASE.dll
0x00007ff918ac0000 - 0x00007ff918b6c000 	C:\Windows\System32\ADVAPI32.dll
0x00007ff918730000 - 0x00007ff9187ce000 	C:\Windows\System32\msvcrt.dll
0x00007ff9189c0000 - 0x00007ff918a5c000 	C:\Windows\System32\sechost.dll
0x00007ff916c90000 - 0x00007ff916dbb000 	C:\Windows\System32\RPCRT4.dll
0x00007ff918590000 - 0x00007ff918730000 	C:\Windows\System32\USER32.dll
0x00007ff9162f0000 - 0x00007ff916312000 	C:\Windows\System32\win32u.dll
0x00007ff916e50000 - 0x00007ff916e7a000 	C:\Windows\System32\GDI32.dll
0x00007ff916900000 - 0x00007ff916a0b000 	C:\Windows\System32\gdi32full.dll
0x00007ff916a10000 - 0x00007ff916aad000 	C:\Windows\System32\msvcp_win.dll
0x00007ff9163d0000 - 0x00007ff9164d0000 	C:\Windows\System32\ucrtbase.dll
0x00007ff9065d0000 - 0x00007ff90686b000 	C:\Windows\WinSxS\amd64_microsoft.windows.common-controls_6595b64144ccf1df_6.0.19041.746_none_ca02b4b61b8320a4\COMCTL32.dll
0x00007ff916e20000 - 0x00007ff916e50000 	C:\Windows\System32\IMM32.DLL
0x000000005f7d0000 - 0x000000005f8a2000 	C:\Program Files\Android\Android Studio\jre\jre\bin\msvcr100.dll
0x000000005f990000 - 0x00000000601db000 	C:\Program Files\Android\Android Studio\jre\jre\bin\server\jvm.dll
0x00007ff917610000 - 0x00007ff917618000 	C:\Windows\System32\PSAPI.DLL
0x00007ff911540000 - 0x00007ff911549000 	C:\Windows\SYSTEM32\WSOCK32.dll
0x00007ff913470000 - 0x00007ff913497000 	C:\Windows\SYSTEM32\WINMM.dll
0x00007ff90f7f0000 - 0x00007ff90f7fa000 	C:\Windows\SYSTEM32\VERSION.dll
0x00007ff917730000 - 0x00007ff91779b000 	C:\Windows\System32\WS2_32.dll
0x00007ff911410000 - 0x00007ff91141f000 	C:\Program Files\Android\Android Studio\jre\jre\bin\verify.dll
0x00007ff8f8cb0000 - 0x00007ff8f8cd9000 	C:\Program Files\Android\Android Studio\jre\jre\bin\java.dll
0x00007ff9104e0000 - 0x00007ff9104f6000 	C:\Program Files\Android\Android Studio\jre\jre\bin\zip.dll
0x00007ff917860000 - 0x00007ff917fa3000 	C:\Windows\System32\SHELL32.dll
0x00007ff914430000 - 0x00007ff914bbf000 	C:\Windows\SYSTEM32\windows.storage.dll
0x00007ff917fb0000 - 0x00007ff918306000 	C:\Windows\System32\combase.dll
0x00007ff915d50000 - 0x00007ff915d7c000 	C:\Windows\SYSTEM32\Wldp.dll
0x00007ff9172f0000 - 0x00007ff91739e000 	C:\Windows\System32\SHCORE.dll
0x00007ff918450000 - 0x00007ff9184a5000 	C:\Windows\System32\shlwapi.dll
0x00007ff916220000 - 0x00007ff916246000 	C:\Windows\SYSTEM32\profapi.dll
0x00007ff90fe40000 - 0x00007ff90fe5a000 	C:\Program Files\Android\Android Studio\jre\jre\bin\net.dll
0x00007ff915ad0000 - 0x00007ff915b3a000 	C:\Windows\system32\mswsock.dll
0x00007ff8f8d80000 - 0x00007ff8f8d93000 	C:\Program Files\Android\Android Studio\jre\jre\bin\nio.dll
0x00007ff900550000 - 0x00007ff900577000 	C:\Users\sasa9\.gradle\native\f6784746aeab05261644944871eae4fe03e0ef1612fff0a4a95f87b438bc6780\windows-amd64\native-platform.dll
0x00007ff910d20000 - 0x00007ff910d2d000 	C:\Program Files\Android\Android Studio\jre\jre\bin\management.dll
0x00007ff915ca0000 - 0x00007ff915cb8000 	C:\Windows\SYSTEM32\CRYPTSP.dll
0x00007ff915400000 - 0x00007ff915434000 	C:\Windows\system32\rsaenh.dll
0x00007ff9168d0000 - 0x00007ff9168f7000 	C:\Windows\System32\bcrypt.dll
0x00007ff9161e0000 - 0x00007ff91620e000 	C:\Windows\SYSTEM32\USERENV.dll
0x00007ff9164d0000 - 0x00007ff916550000 	C:\Windows\System32\bcryptprimitives.dll
0x00007ff915cc0000 - 0x00007ff915ccc000 	C:\Windows\SYSTEM32\CRYPTBASE.dll
0x00007ff915750000 - 0x00007ff91578b000 	C:\Windows\SYSTEM32\IPHLPAPI.DLL
0x00007ff917430000 - 0x00007ff917438000 	C:\Windows\System32\NSI.dll
0x00007ff90d880000 - 0x00007ff90d897000 	C:\Windows\SYSTEM32\dhcpcsvc6.DLL
0x00007ff90d950000 - 0x00007ff90d96d000 	C:\Windows\SYSTEM32\dhcpcsvc.DLL
0x00007ff9157c0000 - 0x00007ff91588b000 	C:\Windows\SYSTEM32\DNSAPI.dll
0x00007ff90dcb0000 - 0x00007ff90dcbb000 	C:\Windows\SYSTEM32\WINNSI.DLL

VM Arguments:
jvm_args: -Xmx2048m -Dfile.encoding=UTF-8 -Duser.country=US -Duser.language=en -Duser.variant 
java_command: org.gradle.launcher.daemon.bootstrap.GradleDaemon 6.5
java_class_path (initial): C:\Users\sasa9\.gradle\wrapper\dists\gradle-6.5-bin\6nifqtx7604sqp1q6g8wikw7p\gradle-6.5\lib\gradle-launcher-6.5.jar
Launcher Type: SUN_STANDARD

Environment Variables:
JAVA_HOME=C:\Program Files\Java\jdk-14.0.2
PATH=C:\Windows\system32;C:\Windows;C:\Windows\System32\Wbem;C:\Windows\System32\WindowsPowerShell\v1.0\;C:\Windows\System32\OpenSSH\;C:\Program Files\Git\cmd;C:\xampp\php;C:\ProgramData\ComposerSetup\bin;C:\Program Files\nodejs\;C:\elastic_stack\logstash-7.8.0\bin;C:\elastic_stack\kibana-7.8.0-windows-x86_64\bin;C:\elastic_stack\elasticsearch-7.8.0\bin;C:\Program Files\Java\jdk-14.0.2\bin;C:\Program Files\Redis\;C:\ffmpeg\bin;C:\Users\sasa9\AppData\Local\Programs\Python\Python38-32\Scripts\;C:\Users\sasa9\AppData\Local\Programs\Python\Python38-32\;C:\Users\sasa9\AppData\Local\Microsoft\WindowsApps;C:\Users\sasa9\AppData\Roaming\Composer\vendor\bin;C:\Users\sasa9\AppData\Roaming\npm;C:\xampp\php;
USERNAME=sasa9
OS=Windows_NT
PROCESSOR_IDENTIFIER=Intel64 Family 6 Model 158 Stepping 10, GenuineIntel



---------------  S Y S T E M  ---------------

OS: Windows 10.0 , 64 bit Build 19041 (10.0.19041.662)

CPU:total 12 (initial active 12) (6 cores per cpu, 2 threads per core) family 6 model 158 stepping 10, cmov, cx8, fxsr, mmx, sse, sse2, sse3, ssse3, sse4.1, sse4.2, popcnt, avx, avx2, aes, clmul, erms, 3dnowpref, lzcnt, ht, tsc, tscinvbit, bmi1, bmi2, adx

Memory: 4k page, physical 16552664k(2706704k free), swap 32102108k(1068k free)

vm_info: OpenJDK 64-Bit Server VM (25.242-b01) for windows-amd64 JRE (1.8.0_242-release-1644-b01), built by "builder" with MS VC++ 10.0 (VS2010)

time: Wed Jan 27 22:58:40 2021
timezone: Central Europe Standard Time
elapsed time: 3 seconds (0d 0h 0m 3s)

